Oct-18 13:24:25.352 [main] DEBUG nextflow.cli.Launcher - $> nextflow run channel_fromPath.nf
Oct-18 13:24:25.520 [main] INFO  nextflow.cli.CmdRun - N E X T F L O W  ~  version 23.10.0
Oct-18 13:24:25.550 [main] DEBUG nextflow.plugin.PluginsFacade - Setting up plugin manager > mode=prod; embedded=false; plugins-dir=/Users/cmatzoros/.nextflow/plugins; core-plugins: nf-amazon@2.1.4,nf-azure@1.3.2,nf-cloudcache@0.3.0,nf-codecommit@0.1.5,nf-console@1.0.6,nf-ga4gh@1.1.0,nf-google@1.8.3,nf-tower@1.6.3,nf-wave@1.0.0
Oct-18 13:24:25.565 [main] INFO  o.pf4j.DefaultPluginStatusProvider - Enabled plugins: []
Oct-18 13:24:25.565 [main] INFO  o.pf4j.DefaultPluginStatusProvider - Disabled plugins: []
Oct-18 13:24:25.569 [main] INFO  org.pf4j.DefaultPluginManager - PF4J version 3.4.1 in 'deployment' mode
Oct-18 13:24:25.591 [main] INFO  org.pf4j.AbstractPluginManager - No plugins
Oct-18 13:24:25.759 [main] DEBUG nextflow.cli.CmdRun - Applied DSL=2 by global default
Oct-18 13:24:25.771 [main] INFO  nextflow.cli.CmdRun - Launching `channel_fromPath.nf` [ridiculous_swartz] DSL2 - revision: ac7ec7b843
Oct-18 13:24:25.772 [main] DEBUG nextflow.plugin.PluginsFacade - Plugins default=[]
Oct-18 13:24:25.772 [main] DEBUG nextflow.plugin.PluginsFacade - Plugins resolved requirement=[]
Oct-18 13:24:25.784 [main] DEBUG n.secret.LocalSecretsProvider - Secrets store: /Users/cmatzoros/.nextflow/secrets/store.json
Oct-18 13:24:25.803 [main] DEBUG nextflow.secret.SecretsLoader - Discovered secrets providers: [nextflow.secret.LocalSecretsProvider@52a36910] - activable => nextflow.secret.LocalSecretsProvider@52a36910
Oct-18 13:24:25.872 [main] DEBUG nextflow.Session - Session UUID: b234eade-a860-4dc1-8b27-dc1c8fde72f3
Oct-18 13:24:25.873 [main] DEBUG nextflow.Session - Run name: ridiculous_swartz
Oct-18 13:24:25.876 [main] DEBUG nextflow.Session - Executor pool size: 10
Oct-18 13:24:25.893 [main] DEBUG nextflow.file.FilePorter - File porter settings maxRetries=3; maxTransfers=50; pollTimeout=null
Oct-18 13:24:25.940 [main] DEBUG nextflow.cli.CmdRun - 
  Version: 23.10.0 build 5889
  Created: 15-10-2023 15:07 UTC (17:07 CEST)
  System: Mac OS X 13.6
  Runtime: Groovy 3.0.19 on OpenJDK 64-Bit Server VM 21+35
  Encoding: UTF-8 (UTF-8)
  Process: 24413@fsbt004 [10.144.31.163]
  CPUs: 10 - Mem: 16 GB (644.8 MB) - Swap: 1 GB (738.6 MB) - Virtual threads ON
Oct-18 13:24:25.963 [main] DEBUG nextflow.Session - Work-dir: /Users/cmatzoros/Apps/Nextflow/work [Mac OS X]
Oct-18 13:24:25.964 [main] DEBUG nextflow.Session - Script base path does not exist or is not a directory: /Users/cmatzoros/Apps/Nextflow/bin
Oct-18 13:24:25.977 [main] DEBUG nextflow.executor.ExecutorFactory - Extension executors providers=[]
Oct-18 13:24:26.007 [main] DEBUG nextflow.Session - Observer factory: DefaultObserverFactory
Oct-18 13:24:26.056 [main] DEBUG nextflow.cache.CacheFactory - Using Nextflow cache factory: nextflow.cache.DefaultCacheFactory
Oct-18 13:24:26.070 [main] DEBUG nextflow.util.CustomPoolFactory - Creating virtual thread pool
Oct-18 13:24:26.130 [main] DEBUG nextflow.Session - Session start
Oct-18 13:24:27.205 [main] DEBUG nextflow.script.ScriptRunner - > Launching execution
Oct-18 13:24:27.359 [main] DEBUG nextflow.Session - Workflow process names [dsl2]: 
Oct-18 13:24:27.360 [main] DEBUG nextflow.Session - Igniting dataflow network (1)
Oct-18 13:24:27.375 [main] DEBUG nextflow.script.ScriptRunner - Parsed script files:
  Script_4a3b92bb7be693e9: /Users/cmatzoros/Apps/Nextflow/channel_fromPath.nf
Oct-18 13:24:27.375 [PathVisitor-1] DEBUG nextflow.file.PathVisitor - files for syntax: glob; folder: data/yeast/; pattern: **; options: [hidden:true]
Oct-18 13:24:27.375 [main] DEBUG nextflow.script.ScriptRunner - > Awaiting termination 
Oct-18 13:24:27.375 [main] DEBUG nextflow.Session - Session await
Oct-18 13:24:27.375 [main] DEBUG nextflow.Session - Session await > all processes finished
Oct-18 13:24:27.375 [main] DEBUG nextflow.Session - Session await > all barriers passed
Oct-18 13:24:27.449 [main] DEBUG n.trace.WorkflowStatsObserver - Workflow completed > WorkflowStats[succeededCount=0; failedCount=0; ignoredCount=0; cachedCount=0; pendingCount=0; submittedCount=0; runningCount=0; retriesCount=0; abortedCount=0; succeedDuration=0ms; failedDuration=0ms; cachedDuration=0ms;loadCpus=0; loadMemory=0; peakRunning=0; peakCpus=0; peakMemory=0; ]
Oct-18 13:24:27.562 [main] DEBUG nextflow.cache.CacheDB - Closing CacheDB done
Oct-18 13:24:27.605 [main] DEBUG nextflow.util.ThreadPoolManager - Thread pool 'FileTransfer' shutdown completed (hard=false)
Oct-18 13:24:27.605 [main] DEBUG nextflow.script.ScriptRunner - > Execution complete -- Goodbye
